[2026-02-17T01:09:41-05:00] daemon starting
[2026-02-17T01:09:41-05:00] daemon ready at /tmp/aoa-a90cd43ef9f4.sock
[2026-02-17T01:16:59-05:00] remote stop, shutting down
[2026-02-17T01:16:59-05:00] daemon stopped
[2026-02-17T01:58:39-05:00] daemon starting
[2026-02-17T01:58:39-05:00] daemon ready at /tmp/aoa-a90cd43ef9f4.sock
[2026-02-17T01:58:39-05:00] dashboard at http://localhost:19270
[2026-02-17T03:04:00-05:00] remote stop, shutting down
[2026-02-17T03:04:00-05:00] daemon stopped
[2026-02-17T03:04:10-05:00] daemon starting
[2026-02-17T03:04:10-05:00] daemon ready at /tmp/aoa-a90cd43ef9f4.sock
[2026-02-17T03:04:10-05:00] dashboard at http://localhost:19270
[2026-02-17T03:09:27-05:00] remote stop, shutting down
[2026-02-17T03:09:27-05:00] daemon stopped
[2026-02-17T03:09:30-05:00] daemon starting
[2026-02-17T03:09:30-05:00] daemon ready at /tmp/aoa-a90cd43ef9f4.sock
[2026-02-17T03:09:30-05:00] dashboard at http://localhost:19270
[2026-02-17T03:53:49-05:00] remote stop, shutting down
[2026-02-17T03:53:49-05:00] daemon stopped
[2026-02-17T03:53:52-05:00] daemon starting
[2026-02-17T03:53:52-05:00] daemon ready at /tmp/aoa-a90cd43ef9f4.sock
[2026-02-17T03:53:52-05:00] dashboard at http://localhost:19270
[2026-02-17T09:18:23-05:00] remote stop, shutting down
[2026-02-17T09:18:23-05:00] daemon stopped
[2026-02-17T09:18:24-05:00] daemon starting
[2026-02-17T09:18:24-05:00] daemon ready at /tmp/aoa-a90cd43ef9f4.sock
[2026-02-17T09:18:24-05:00] dashboard at http://localhost:19270
[2026-02-17T09:24:38-05:00] remote stop, shutting down
[2026-02-17T09:24:38-05:00] daemon stopped
[2026-02-17T09:24:43-05:00] daemon starting
[2026-02-17T09:24:43-05:00] daemon ready at /tmp/aoa-a90cd43ef9f4.sock
[2026-02-17T09:24:43-05:00] dashboard at http://localhost:19270
[2026-02-17T09:28:42-05:00] remote stop, shutting down
[2026-02-17T09:28:42-05:00] daemon stopped
[2026-02-17T09:28:44-05:00] daemon starting
[2026-02-17T09:28:44-05:00] daemon ready at /tmp/aoa-a90cd43ef9f4.sock
[2026-02-17T09:28:44-05:00] dashboard at http://localhost:19270
[2026-02-17T09:42:06-05:00] remote stop, shutting down
[2026-02-17T09:42:06-05:00] daemon stopped
[2026-02-17T09:42:09-05:00] daemon starting
[2026-02-17T09:42:09-05:00] daemon ready at /tmp/aoa-a90cd43ef9f4.sock
[2026-02-17T09:42:09-05:00] dashboard at http://localhost:19270
[2026-02-17T09:44:19-05:00] remote stop, shutting down
[2026-02-17T09:44:19-05:00] daemon stopped
[2026-02-17T09:44:20-05:00] daemon starting
[2026-02-17T09:44:20-05:00] daemon ready at /tmp/aoa-a90cd43ef9f4.sock
[2026-02-17T09:44:20-05:00] dashboard at http://localhost:19270
[2026-02-17T09:52:17-05:00] remote stop, shutting down
[2026-02-17T09:52:17-05:00] daemon stopped
[2026-02-17T09:52:18-05:00] daemon starting
[2026-02-17T09:52:18-05:00] daemon ready at /tmp/aoa-a90cd43ef9f4.sock
[2026-02-17T09:52:18-05:00] dashboard at http://localhost:19270
[2026-02-17T10:42:37-05:00] remote stop, shutting down
[2026-02-17T10:42:37-05:00] daemon stopped
[2026-02-17T10:42:40-05:00] daemon starting
[2026-02-17T10:42:40-05:00] daemon ready at /tmp/aoa-a90cd43ef9f4.sock
[2026-02-17T10:42:40-05:00] dashboard at http://localhost:19270
[2026-02-17T15:41:50-05:00] remote stop, shutting down
[2026-02-17T15:41:50-05:00] daemon stopped
[2026-02-17T15:41:53-05:00] daemon starting
[2026-02-17T15:41:53-05:00] daemon ready at /tmp/aoa-a90cd43ef9f4.sock
[2026-02-17T15:41:53-05:00] dashboard at http://localhost:19270
[2026-02-17T16:03:43-05:00] remote stop, shutting down
[2026-02-17T16:03:43-05:00] daemon stopped
[2026-02-17T16:03:46-05:00] daemon starting
[2026-02-17T16:03:46-05:00] daemon ready at /tmp/aoa-a90cd43ef9f4.sock
[2026-02-17T16:03:46-05:00] dashboard at http://localhost:19270
[2026-02-17T16:31:40-05:00] remote stop, shutting down
[2026-02-17T16:31:40-05:00] daemon stopped
[2026-02-17T16:31:44-05:00] daemon starting
[2026-02-17T16:31:44-05:00] daemon ready at /tmp/aoa-a90cd43ef9f4.sock
[2026-02-17T16:31:44-05:00] dashboard at http://localhost:19270
[2026-02-17T16:42:56-05:00] remote stop, shutting down
[2026-02-17T16:42:56-05:00] daemon stopped
[2026-02-17T16:42:59-05:00] daemon starting
[2026-02-17T16:42:59-05:00] daemon ready at /tmp/aoa-a90cd43ef9f4.sock
[2026-02-17T16:42:59-05:00] dashboard at http://localhost:19270
[2026-02-17T17:04:20-05:00] remote stop, shutting down
[2026-02-17T17:04:20-05:00] daemon stopped
[2026-02-17T17:04:23-05:00] daemon starting
[2026-02-17T17:04:23-05:00] daemon ready at /tmp/aoa-a90cd43ef9f4.sock
[2026-02-17T17:04:23-05:00] dashboard at http://localhost:19270
